<?xml version="1.0" encoding="UTF-8"?>
<!-- Generated by org.testng.reporters.JUnitXMLReporter -->
<testsuite ignored="0" hostname="DESKTOP-HSBRBKJ" failures="0" tests="3" name="Default test" time="0.109" errors="0" timestamp="2021-04-12T16:08:44 IST">
  <testcase classname="Practice.PracticeStream" name="assiInterger" time="0.017"/>
  <testcase classname="Practice.PracticeStream" name="streamCollect" time="0.003"/>
  <testcase classname="Practice.PracticeStream" name="testTwo" time="0.029"/>
</testsuite> <!-- Default test -->
