<?xml version="1.0" encoding="UTF-8"?>
<!-- Generated by org.testng.reporters.JUnitXMLReporter -->
<testsuite ignored="0" hostname="DESKTOP-HSBRBKJ" failures="0" tests="4" name="Test" time="0.069" errors="0" timestamp="2021-03-31T22:36:00 IST">
  <testcase classname="Practice.SeleniumTest" name="UItest" time="0.005"/>
  <testcase classname="Practice.SeleniumTest" name="launchBrowser" time="0.0"/>
  <testcase classname="Practice.ApiTest" name="getHTTP" time="0.0"/>
  <testcase classname="Practice.ApiTest" name="setPath" time="0.001"/>
</testsuite> <!-- Test -->
