<?xml version="1.0" encoding="UTF-8"?>
<testsuite xmlns:xsi="http://www.w3.org/2001/XMLSchema-instance" xsi:noNamespaceSchemaLocation="https://maven.apache.org/surefire/maven-surefire-plugin/xsd/surefire-test-report.xsd" name="TestSuite" time="0.877" tests="4" errors="0" skipped="0" failures="0">
  <properties>
[...]
</properties>
  <testcase name="UItest" classname="Practice.SeleniumTest" time="0.007"/>
  <testcase name="launchBrowser" classname="Practice.SeleniumTest" time="0.001"/>
  <testcase name="getHTTP" classname="Practice.ApiTest" time="0"/>
  <testcase name="setPath" classname="Practice.ApiTest" time="0.003"/>
</testsuite>