<?xml version="1.0" encoding="UTF-8"?>
<testng-results ignored="0" total="4" passed="4" failed="0" skipped="0">
  <reporter-output>
  </reporter-output>
  <suite started-at="2021-03-31T22:36:00 IST" name="Suite" finished-at="2021-03-31T22:36:00 IST" duration-ms="69">
    <groups>
    </groups>
    <test started-at="2021-03-31T22:36:00 IST" name="Test" finished-at="2021-03-31T22:36:00 IST" duration-ms="69">
      <class name="Practice.ApiTest">
        <test-method signature="getHTTP()[pri:0, instance:Practice.ApiTest@14d3bc22]" started-at="2021-03-31T22:36:00 IST" name="getHTTP" finished-at="2021-03-31T22:36:00 IST" duration-ms="0" status="PASS">
          <reporter-output>
          </reporter-output>
        </test-method> <!-- getHTTP -->
        <test-method signature="setPath()[pri:0, instance:Practice.ApiTest@14d3bc22]" started-at="2021-03-31T22:36:00 IST" name="setPath" finished-at="2021-03-31T22:36:00 IST" duration-ms="1" status="PASS">
          <reporter-output>
          </reporter-output>
        </test-method> <!-- setPath -->
      </class> <!-- Practice.ApiTest -->
      <class name="Practice.SeleniumTest">
        <test-method signature="UItest()[pri:0, instance:Practice.SeleniumTest@43ee72e6]" started-at="2021-03-31T22:36:00 IST" name="UItest" finished-at="2021-03-31T22:36:00 IST" duration-ms="5" status="PASS">
          <reporter-output>
          </reporter-output>
        </test-method> <!-- UItest -->
        <test-method signature="launchBrowser()[pri:0, instance:Practice.SeleniumTest@43ee72e6]" started-at="2021-03-31T22:36:00 IST" name="launchBrowser" finished-at="2021-03-31T22:36:00 IST" duration-ms="0" status="PASS">
          <reporter-output>
          </reporter-output>
        </test-method> <!-- launchBrowser -->
      </class> <!-- Practice.SeleniumTest -->
    </test> <!-- Test -->
  </suite> <!-- Suite -->
</testng-results>
