<?xml version="1.0" encoding="UTF-8"?>
<testng-results ignored="0" total="1" passed="1" failed="0" skipped="0">
  <reporter-output>
  </reporter-output>
  <suite started-at="2021-04-12T21:04:18 IST" name="Default suite" finished-at="2021-04-12T21:04:25 IST" duration-ms="7535">
    <groups>
    </groups>
    <test started-at="2021-04-12T21:04:18 IST" name="Default test" finished-at="2021-04-12T21:04:25 IST" duration-ms="7535">
      <class name="Practice.WindowAuthentication">
        <test-method signature="windowAuthPopUp()[pri:0, instance:Practice.WindowAuthentication@72a7c7e0]" started-at="2021-04-12T21:04:18 IST" name="windowAuthPopUp" finished-at="2021-04-12T21:04:25 IST" duration-ms="7468" status="PASS">
          <reporter-output>
          </reporter-output>
        </test-method> <!-- windowAuthPopUp -->
      </class> <!-- Practice.WindowAuthentication -->
    </test> <!-- Default test -->
  </suite> <!-- Default suite -->
</testng-results>
