<?xml version="1.0" encoding="UTF-8"?>
<testng-results ignored="0" total="3" passed="3" failed="0" skipped="0">
  <reporter-output>
  </reporter-output>
  <suite started-at="2021-04-12T16:08:44 IST" name="Default suite" finished-at="2021-04-12T16:08:44 IST" duration-ms="109">
    <groups>
    </groups>
    <test started-at="2021-04-12T16:08:44 IST" name="Default test" finished-at="2021-04-12T16:08:44 IST" duration-ms="109">
      <class name="Practice.PracticeStream">
        <test-method signature="assiInterger()[pri:0, instance:Practice.PracticeStream@61230f6a]" started-at="2021-04-12T16:08:44 IST" name="assiInterger" finished-at="2021-04-12T16:08:44 IST" duration-ms="17" status="PASS">
          <reporter-output>
          </reporter-output>
        </test-method> <!-- assiInterger -->
        <test-method signature="streamCollect()[pri:0, instance:Practice.PracticeStream@61230f6a]" started-at="2021-04-12T16:08:44 IST" name="streamCollect" finished-at="2021-04-12T16:08:44 IST" duration-ms="3" status="PASS">
          <reporter-output>
          </reporter-output>
        </test-method> <!-- streamCollect -->
        <test-method signature="testTwo()[pri:0, instance:Practice.PracticeStream@61230f6a]" started-at="2021-04-12T16:08:44 IST" name="testTwo" finished-at="2021-04-12T16:08:44 IST" duration-ms="29" status="PASS">
          <reporter-output>
          </reporter-output>
        </test-method> <!-- testTwo -->
      </class> <!-- Practice.PracticeStream -->
    </test> <!-- Default test -->
  </suite> <!-- Default suite -->
</testng-results>
